Activating service name='org.gtk.vfs.Daemon'
Successfully activated service 'org.gtk.vfs.Daemon'
Activating service name='org.ayatana.bamf'
Successfully activated service 'org.ayatana.bamf'
Activating service name='ca.desrt.dconf'
Successfully activated service 'ca.desrt.dconf'
Activating service name='org.freedesktop.systemd1'
Activating service name='org.gnome.ScreenSaver'
Activated service 'org.freedesktop.systemd1' failed: Process org.freedesktop.systemd1 exited with status 1
Activating service name='org.gnome.evolution.dataserver.Sources5'
Successfully activated service 'org.gnome.ScreenSaver'
Successfully activated service 'org.gnome.evolution.dataserver.Sources5'
Activating service name='org.gnome.evolution.dataserver.Calendar7'
Successfully activated service 'org.gnome.evolution.dataserver.Calendar7'
Activating service name='org.gtk.vfs.UDisks2VolumeMonitor'
Activating service name='org.gnome.evolution.dataserver.AddressBook9'
Successfully activated service 'org.gtk.vfs.UDisks2VolumeMonitor'
Activating service name='org.gtk.vfs.GoaVolumeMonitor'
Successfully activated service 'org.gnome.evolution.dataserver.AddressBook9'
Successfully activated service 'org.gtk.vfs.GoaVolumeMonitor'
Activating service name='org.gtk.vfs.AfcVolumeMonitor'
Successfully activated service 'org.gtk.vfs.AfcVolumeMonitor'
Activating service name='org.gtk.vfs.GPhoto2VolumeMonitor'
Successfully activated service 'org.gtk.vfs.GPhoto2VolumeMonitor'
Activating service name='org.gtk.vfs.MTPVolumeMonitor'
Successfully activated service 'org.gtk.vfs.MTPVolumeMonitor'
Activating service name='org.gtk.vfs.Metadata'
Successfully activated service 'org.gtk.vfs.Metadata'
Activating service name='org.gnome.Terminal'
Successfully activated service 'org.gnome.Terminal'
Activating service name='org.gnome.zeitgeist.Engine'
Activating service name='org.gnome.zeitgeist.SimpleIndexer'
Successfully activated service 'org.gnome.zeitgeist.Engine'
Successfully activated service 'org.gnome.zeitgeist.SimpleIndexer'
